<?xml version="1.0" encoding="UTF-8"?>
<testng-results skipped="0" failed="0" ignored="0" total="2" passed="2">
  <reporter-output>
  </reporter-output>
  <suite name="Expertautomation test" duration-ms="22790" started-at="2022-06-26T22:18:57Z" finished-at="2022-06-26T22:19:20Z">
    <groups>
    </groups>
    <test name="Basic components test" duration-ms="22790" started-at="2022-06-26T22:18:57Z" finished-at="2022-06-26T22:19:20Z">
      <class name="com.expertautomationteam.BasiccomponentsTest">
        <test-method status="PASS" signature="setUp(java.lang.String)[pri:0, instance:com.expertautomationteam.BasiccomponentsTest@64d7f7e0]" name="setUp" is-config="true" duration-ms="13799" started-at="2022-06-26T22:18:57Z" finished-at="2022-06-26T22:19:11Z">
          <params>
            <param index="0">
              <value>
                <![CDATA[chrome]]>
              </value>
            </param>
          </params>
          <reporter-output>
          </reporter-output>
        </test-method> <!-- setUp -->
        <test-method status="PASS" signature="test1()[pri:0, instance:com.expertautomationteam.BasiccomponentsTest@64d7f7e0]" name="test1" duration-ms="20" started-at="2022-06-26T22:19:11Z" finished-at="2022-06-26T22:19:11Z">
          <reporter-output>
          </reporter-output>
        </test-method> <!-- test1 -->
        <test-method status="PASS" signature="tearDown()[pri:0, instance:com.expertautomationteam.BasiccomponentsTest@64d7f7e0]" name="tearDown" is-config="true" duration-ms="229" started-at="2022-06-26T22:19:11Z" finished-at="2022-06-26T22:19:11Z">
          <reporter-output>
          </reporter-output>
        </test-method> <!-- tearDown -->
        <test-method status="PASS" signature="setUp(java.lang.String)[pri:0, instance:com.expertautomationteam.BasiccomponentsTest@64d7f7e0]" name="setUp" is-config="true" duration-ms="8480" started-at="2022-06-26T22:19:11Z" finished-at="2022-06-26T22:19:19Z">
          <params>
            <param index="0">
              <value>
                <![CDATA[chrome]]>
              </value>
            </param>
          </params>
          <reporter-output>
          </reporter-output>
        </test-method> <!-- setUp -->
        <test-method status="PASS" signature="test2()[pri:0, instance:com.expertautomationteam.BasiccomponentsTest@64d7f7e0]" name="test2" duration-ms="1" started-at="2022-06-26T22:19:19Z" finished-at="2022-06-26T22:19:19Z">
          <reporter-output>
          </reporter-output>
        </test-method> <!-- test2 -->
        <test-method status="PASS" signature="tearDown()[pri:0, instance:com.expertautomationteam.BasiccomponentsTest@64d7f7e0]" name="tearDown" is-config="true" duration-ms="200" started-at="2022-06-26T22:19:19Z" finished-at="2022-06-26T22:19:20Z">
          <reporter-output>
          </reporter-output>
        </test-method> <!-- tearDown -->
      </class> <!-- com.expertautomationteam.BasiccomponentsTest -->
    </test> <!-- Basic components test -->
  </suite> <!-- Expertautomation test -->
</testng-results>
