<?xml version="1.0" encoding="UTF-8"?>
<!-- Generated by org.testng.reporters.JUnitXMLReporter -->
<testsuite hostname="Mingmas-Air.cable.rcn.com" ignored="0" name="Basic components test" tests="2" failures="0" timestamp="26 Jun 2022 22:19:20 GMT" time="22.79" errors="0">
  <testcase name="test1" time="0.02" classname="com.expertautomationteam.BasiccomponentsTest"/>
  <testcase name="test2" time="0.001" classname="com.expertautomationteam.BasiccomponentsTest"/>
</testsuite> <!-- Basic components test -->
